mode: set
github.com/se1lzor/task-6/internal/db/db.go:16.31,18.2 1 1
github.com/se1lzor/task-6/internal/db/db.go:20.47,22.2 1 1
github.com/se1lzor/task-6/internal/db/db.go:24.53,26.2 1 1
github.com/se1lzor/task-6/internal/db/db.go:28.61,30.16 2 1
github.com/se1lzor/task-6/internal/db/db.go:30.16,32.3 1 1
github.com/se1lzor/task-6/internal/db/db.go:33.2,37.18 3 1
github.com/se1lzor/task-6/internal/db/db.go:37.18,39.39 2 1
github.com/se1lzor/task-6/internal/db/db.go:39.39,41.4 1 1
github.com/se1lzor/task-6/internal/db/db.go:42.3,42.23 1 1
github.com/se1lzor/task-6/internal/db/db.go:45.2,45.35 1 1
github.com/se1lzor/task-6/internal/db/db.go:45.35,47.3 1 1
github.com/se1lzor/task-6/internal/db/db.go:49.2,49.17 1 1
github.com/se1lzor/task-6/internal/wifi/wifi.go:18.39,20.2 1 1
github.com/se1lzor/task-6/internal/wifi/wifi.go:22.71,24.16 2 1
github.com/se1lzor/task-6/internal/wifi/wifi.go:24.16,26.3 1 1
github.com/se1lzor/task-6/internal/wifi/wifi.go:28.2,30.35 2 1
github.com/se1lzor/task-6/internal/wifi/wifi.go:30.35,32.3 1 1
github.com/se1lzor/task-6/internal/wifi/wifi.go:34.2,34.19 1 1
github.com/se1lzor/task-6/internal/wifi/wifi.go:37.57,39.16 2 1
github.com/se1lzor/task-6/internal/wifi/wifi.go:39.16,41.3 1 1
github.com/se1lzor/task-6/internal/wifi/wifi.go:43.2,45.35 2 1
github.com/se1lzor/task-6/internal/wifi/wifi.go:45.35,47.3 1 1
github.com/se1lzor/task-6/internal/wifi/wifi.go:49.2,49.19 1 1
