mode: set
github.com/ami0-0/task-6/internal/db/db.go:16.33,18.2 1 1
github.com/ami0-0/task-6/internal/db/db.go:20.55,24.16 3 1
github.com/ami0-0/task-6/internal/db/db.go:24.16,26.3 1 1
github.com/ami0-0/task-6/internal/db/db.go:27.2,27.15 1 1
github.com/ami0-0/task-6/internal/db/db.go:27.15,27.35 1 1
github.com/ami0-0/task-6/internal/db/db.go:29.2,30.18 2 1
github.com/ami0-0/task-6/internal/db/db.go:30.18,32.42 2 1
github.com/ami0-0/task-6/internal/db/db.go:32.42,34.4 1 1
github.com/ami0-0/task-6/internal/db/db.go:35.3,35.30 1 1
github.com/ami0-0/task-6/internal/db/db.go:38.2,38.35 1 1
github.com/ami0-0/task-6/internal/db/db.go:38.35,40.3 1 1
github.com/ami0-0/task-6/internal/db/db.go:42.2,42.19 1 1
github.com/ami0-0/task-6/internal/db/db.go:45.61,49.16 3 1
github.com/ami0-0/task-6/internal/db/db.go:49.16,51.3 1 1
github.com/ami0-0/task-6/internal/db/db.go:52.2,52.15 1 1
github.com/ami0-0/task-6/internal/db/db.go:52.15,52.35 1 1
github.com/ami0-0/task-6/internal/db/db.go:54.2,55.18 2 1
github.com/ami0-0/task-6/internal/db/db.go:55.18,57.43 2 1
github.com/ami0-0/task-6/internal/db/db.go:57.43,59.4 1 1
github.com/ami0-0/task-6/internal/db/db.go:60.3,60.33 1 1
github.com/ami0-0/task-6/internal/db/db.go:63.2,63.35 1 1
github.com/ami0-0/task-6/internal/db/db.go:63.35,65.3 1 1
github.com/ami0-0/task-6/internal/db/db.go:66.2,66.20 1 1
github.com/ami0-0/task-6/internal/wifi/wifi.go:16.36,18.2 1 1
github.com/ami0-0/task-6/internal/wifi/wifi.go:20.51,22.16 2 1
github.com/ami0-0/task-6/internal/wifi/wifi.go:22.16,24.3 1 1
github.com/ami0-0/task-6/internal/wifi/wifi.go:25.2,26.27 2 1
github.com/ami0-0/task-6/internal/wifi/wifi.go:26.27,28.3 1 1
github.com/ami0-0/task-6/internal/wifi/wifi.go:29.2,29.19 1 1
