mode: set
github.com/ami0-0/task-6/internal/db/db.go:16.33,18.2 1 1
github.com/ami0-0/task-6/internal/db/db.go:20.55,23.16 3 1
github.com/ami0-0/task-6/internal/db/db.go:23.16,25.3 1 1
github.com/ami0-0/task-6/internal/db/db.go:26.2,26.15 1 1
github.com/ami0-0/task-6/internal/db/db.go:26.15,26.35 1 1
github.com/ami0-0/task-6/internal/db/db.go:28.2,29.18 2 1
github.com/ami0-0/task-6/internal/db/db.go:29.18,31.42 2 1
github.com/ami0-0/task-6/internal/db/db.go:31.42,33.4 1 1
github.com/ami0-0/task-6/internal/db/db.go:34.3,34.30 1 1
github.com/ami0-0/task-6/internal/db/db.go:37.2,37.35 1 1
github.com/ami0-0/task-6/internal/db/db.go:37.35,39.3 1 1
github.com/ami0-0/task-6/internal/db/db.go:41.2,41.19 1 1
github.com/ami0-0/task-6/internal/db/db.go:44.61,47.16 3 1
github.com/ami0-0/task-6/internal/db/db.go:47.16,49.3 1 1
github.com/ami0-0/task-6/internal/db/db.go:50.2,50.15 1 1
github.com/ami0-0/task-6/internal/db/db.go:50.15,50.35 1 1
github.com/ami0-0/task-6/internal/db/db.go:52.2,53.18 2 1
github.com/ami0-0/task-6/internal/db/db.go:53.18,55.43 2 1
github.com/ami0-0/task-6/internal/db/db.go:55.43,57.4 1 0
github.com/ami0-0/task-6/internal/db/db.go:58.3,58.33 1 1
github.com/ami0-0/task-6/internal/db/db.go:61.2,61.35 1 1
github.com/ami0-0/task-6/internal/db/db.go:61.35,63.3 1 1
github.com/ami0-0/task-6/internal/db/db.go:64.2,64.20 1 1
github.com/ami0-0/task-6/internal/wifi/wifi.go:16.36,18.2 1 1
github.com/ami0-0/task-6/internal/wifi/wifi.go:20.51,22.16 2 1
github.com/ami0-0/task-6/internal/wifi/wifi.go:22.16,24.3 1 1
github.com/ami0-0/task-6/internal/wifi/wifi.go:25.2,26.27 2 1
github.com/ami0-0/task-6/internal/wifi/wifi.go:26.27,28.3 1 1
github.com/ami0-0/task-6/internal/wifi/wifi.go:29.2,29.19 1 1
